<?xml version="1.0" encoding="UTF-8"?>
<coverage generated="1701506197713" clover="3.2.0">
  <project timestamp="1701506197714" name="All files">
    <metrics statements="9" coveredstatements="9" conditionals="6" coveredconditionals="5" methods="1" coveredmethods="1" elements="16" coveredelements="15" complexity="0" loc="9" ncloc="9" packages="1" files="1" classes="1"/>
    <file name="app.js" path="C:\Users\dobul\Desktop\for...in\src\js\app.js">
      <metrics statements="9" coveredstatements="9" conditionals="6" coveredconditionals="5" methods="1" coveredmethods="1"/>
      <line num="3" count="2" type="stmt"/>
      <line num="6" count="2" type="stmt"/>
      <line num="7" count="6" type="stmt"/>
      <line num="8" count="6" type="cond" truecount="1" falsecount="1"/>
      <line num="9" count="6" type="stmt"/>
      <line num="17" count="2" type="stmt"/>
      <line num="18" count="10" type="cond" truecount="4" falsecount="0"/>
      <line num="19" count="4" type="stmt"/>
      <line num="26" count="2" type="stmt"/>
    </file>
  </project>
</coverage>
